<?xml version="1.0" encoding="UTF-8"?>
<!-- Generated by org.testng.reporters.JUnitReportReporter -->
<testsuite hostname="DESKTOP-JRVQ74U" failures="0" tests="2" name="com.banking.TestScript3Test" time="8.009" errors="0" timestamp="2023-11-30T10:39:58 IST" skipped="0">
  <testcase classname="com.banking.TestScript3Test" name="ts2Test" time="0.002"/>
  <system-out/>
  <testcase classname="com.banking.TestScript3Test" name="ts1Test" time="8.007"/>
  <system-out/>
</testsuite> <!-- com.banking.TestScript3Test -->
